<?xml version="1.0" encoding="UTF-8"?>
<!-- Generated by org.testng.reporters.JUnitReportReporter -->
<testsuite hostname="a4713d8c18d85f2" failures="0" tests="1" name="com.ust.test.FirstTest" time="17.539" errors="0" timestamp="2023-03-30T16:37:21 IST" skipped="0">
  <testcase classname="com.ust.test.FirstTest" name="TestGoogle" time="17.539"/>
  <system-out/>
</testsuite> <!-- com.ust.test.FirstTest -->
